生成启动时间为 2018/7/3 14:16:08。
     1>项目“E:\_Teaching\Current Teaching\2016级 C++程序设计\Coursewares\chapter 7\SimpleExample\SimpleExample\SimpleExample.vcxproj”在节点 2 上(build 个目标)。
     1>InitializeBuildStatus:
         正在创建“Debug\SimpleExample.unsuccessfulbuild”，因为已指定“AlwaysCreate”。
       ClCompile:
         C:\Program Files (x86)\AboutProjects\Microsoft Visual Studio 10.0\VC\bin\CL.exe /c /ZI /nologo /W3 /WX- /Od /Oy- /D WIN32 /D _DEBUG /D _WINDOWS /Gm /EHsc /RTC1 /MDd /GS /fp:precise /Zc:wchar_t /Zc:forScope /Fo"Debug\\" /Fd"Debug\vc100.pdb" /Gd /TP /analyze- /errorReport:prompt main.cpp
         main.cpp
     1>e:\_teaching\current teaching\2016级 c++程序设计\coursewares\chapter 7\simpleexample\simpleexample\main.cpp(62): warning C4996: 'sprintf': This function or variable may be unsafe. Consider using sprintf_s instead. To disable deprecation, use _CRT_SECURE_NO_WARNINGS. See online help for details.
                 c:\program files (x86)\aboutprojects\microsoft visual studio 10.0\vc\include\stdio.h(371) : 参见“sprintf”的声明
       ManifestResourceCompile:
         所有输出均为最新。
       Link:
         C:\Program Files (x86)\AboutProjects\Microsoft Visual Studio 10.0\VC\bin\link.exe /ERRORREPORT:PROMPT /OUT:"E:\_Teaching\Current Teaching\2016级 C++程序设计\Coursewares\chapter 7\SimpleExample\Debug\SimpleExample.exe" /INCREMENTAL /NOLOGO kernel32.lib user32.lib gdi32.lib winspool.lib comdlg32.lib advapi32.lib shell32.lib ole32.lib oleaut32.lib uuid.lib odbc32.lib odbccp32.lib /MANIFEST /ManifestFile:"Debug\SimpleExample.exe.intermediate.manifest" /MANIFESTUAC:"level='asInvoker' uiAccess='false'" /DEBUG /PDB:"E:\_Teaching\Current Teaching\2016级 C++程序设计\Coursewares\chapter 7\SimpleExample\Debug\SimpleExample.pdb" /SUBSYSTEM:WINDOWS /TLBID:1 /DYNAMICBASE /NXCOMPAT /IMPLIB:"E:\_Teaching\Current Teaching\2016级 C++程序设计\Coursewares\chapter 7\SimpleExample\Debug\SimpleExample.lib" /MACHINE:X86 Debug\SimpleExample.exe.embed.manifest.res
         Debug\main.obj
       Manifest:
         C:\Program Files (x86)\Microsoft SDKs\Windows\v7.0A\bin\mt.exe /nologo /verbose /out:"Debug\SimpleExample.exe.embed.manifest" /manifest Debug\SimpleExample.exe.intermediate.manifest
         所有输出均为最新。
       LinkEmbedManifest:
         所有输出均为最新。
         SimpleExample.vcxproj -> E:\_Teaching\Current Teaching\2016级 C++程序设计\Coursewares\chapter 7\SimpleExample\Debug\SimpleExample.exe
       FinalizeBuildStatus:
         正在删除文件“Debug\SimpleExample.unsuccessfulbuild”。
         正在对“Debug\SimpleExample.lastbuildstate”执行 Touch 任务。
     1>已完成生成项目“E:\_Teaching\Current Teaching\2016级 C++程序设计\Coursewares\chapter 7\SimpleExample\SimpleExample\SimpleExample.vcxproj”(build 个目标)的操作。

生成成功。

已用时间 00:00:01.25
